<?xml version="1.0" encoding="UTF-8"?>
<!-- Generated by org.testng.reporters.JUnitXMLReporter -->
<testsuite ignored="3" hostname="LAPTOP-2K43SRA2" failures="0" tests="1" name="ChromeTest" time="12.353" errors="0" timestamp="2026-09-02T11:09:53 IST">
  <testcase classname="testScripts.LoginTest" name="verifyUserLoginWithValidCredentials" time="1.717"/>
  <testcase classname="testScripts.LoginTest" name="verifyUserLoginWithInvalidCredentials" time="0.0">
    <ignored/>
  </testcase> <!-- verifyUserLoginWithInvalidCredentials -->
  <testcase classname="testScripts.LoginTest" name="verifyUserLoginWithInvalidPassword" time="0.0">
    <ignored/>
  </testcase> <!-- verifyUserLoginWithInvalidPassword -->
  <testcase classname="testScripts.LoginTest" name="verifyUserLoginWithInvalidUsername" time="0.0">
    <ignored/>
  </testcase> <!-- verifyUserLoginWithInvalidUsername -->
</testsuite> <!-- ChromeTest -->
