<?xml version="1.0" encoding="UTF-8"?>
<!-- Generated by org.testng.reporters.JUnitXMLReporter -->
<testsuite ignored="3" hostname="LAPTOP-2K43SRA2" failures="0" tests="1" name="FireoxTest" time="31.063" errors="0" timestamp="2026-09-02T11:10:24 IST">
  <testcase classname="testScripts.LoginTest" name="verifyUserLoginWithValidCredentials" time="0.745"/>
  <testcase classname="testScripts.LoginTest" name="verifyUserLoginWithInvalidUsername" time="0.0">
    <ignored/>
  </testcase> <!-- verifyUserLoginWithInvalidUsername -->
  <testcase classname="testScripts.LoginTest" name="verifyUserLoginWithInvalidPassword" time="0.0">
    <ignored/>
  </testcase> <!-- verifyUserLoginWithInvalidPassword -->
  <testcase classname="testScripts.LoginTest" name="verifyUserLoginWithInvalidCredentials" time="0.0">
    <ignored/>
  </testcase> <!-- verifyUserLoginWithInvalidCredentials -->
</testsuite> <!-- FireoxTest -->
