<?xml version="1.0" encoding="UTF-8"?>
<!-- Generated by org.testng.reporters.JUnitXMLReporter -->
<testsuite ignored="1" hostname="LAPTOP-2K43SRA2" failures="0" tests="1" name="Test" time="7.315" errors="0" timestamp="2026-09-07T12:13:36 IST">
  <testcase classname="testScripts.ManageNewsTest" name="verifyWhetherUserIsableToSearchNews" time="1.779"/>
  <testcase classname="testScripts.ManageNewsTest" name="verifyWhetherUserIsAbleToAddNewNews" time="0.0">
    <ignored/>
  </testcase> <!-- verifyWhetherUserIsAbleToAddNewNews -->
</testsuite> <!-- Test -->
