<?xml version="1.0" encoding="UTF-8"?>
<testng-results ignored="0" total="1" passed="1" failed="0" skipped="0">
  <reporter-output>
  </reporter-output>
  <suite started-at="2026-09-08T10:54:27 IST" name="Suite" finished-at="2026-09-08T10:54:37 IST" duration-ms="10814">
    <groups>
    </groups>
    <test started-at="2026-09-08T10:54:27 IST" name="Test" finished-at="2026-09-08T10:54:37 IST" duration-ms="10814">
      <class name="testScripts.ManageNewsTest">
        <test-method is-config="true" signature="initializeBrowser(java.lang.String)[pri:0, instance:testScripts.ManageNewsTest@cc43f62]" started-at="2026-09-08T10:54:27 IST" name="initializeBrowser" finished-at="2026-09-08T10:54:35 IST" duration-ms="7862" status="PASS">
          <params>
            <param index="0">
              <value>
                <![CDATA[chrome]]>
              </value>
            </param>
          </params>
          <reporter-output>
          </reporter-output>
        </test-method> <!-- initializeBrowser -->
        <test-method signature="verifyWhetherUserIsableToSearchNews()[pri:0, instance:testScripts.ManageNewsTest@cc43f62]" started-at="2026-09-08T10:54:35 IST" name="verifyWhetherUserIsableToSearchNews" description="Verify whether user is able to search news" finished-at="2026-09-08T10:54:37 IST" duration-ms="2906" status="PASS">
          <reporter-output>
          </reporter-output>
        </test-method> <!-- verifyWhetherUserIsableToSearchNews -->
        <test-method is-config="true" signature="closeBrowser(org.testng.ITestResult)[pri:0, instance:testScripts.ManageNewsTest@cc43f62]" started-at="2026-09-08T10:54:37 IST" name="closeBrowser" finished-at="2026-09-08T10:54:37 IST" duration-ms="2" status="PASS">
          <params>
            <param index="0">
              <value>
                <![CDATA[[TestResult name=verifyWhetherUserIsableToSearchNews status=SUCCESS method=ManageNewsTest.verifyWhetherUserIsableToSearchNews()[pri:0, instance:testScripts.ManageNewsTest@cc43f62] output={null}]]]>
              </value>
            </param>
          </params>
          <reporter-output>
          </reporter-output>
        </test-method> <!-- closeBrowser -->
      </class> <!-- testScripts.ManageNewsTest -->
    </test> <!-- Test -->
  </suite> <!-- Suite -->
</testng-results>
