<?xml version="1.0" encoding="UTF-8"?>
<!-- Generated by org.testng.reporters.JUnitXMLReporter -->
<testsuite ignored="1" hostname="LAPTOP-2K43SRA2" failures="0" tests="1" name="Test" time="10.814" errors="0" timestamp="2026-09-08T10:54:38 IST">
  <testcase classname="testScripts.ManageNewsTest" name="verifyWhetherUserIsableToSearchNews" time="2.906"/>
  <testcase classname="testScripts.ManageNewsTest" name="verifyWhetherUserIsAbleToAddNewNews" time="0.0">
    <ignored/>
  </testcase> <!-- verifyWhetherUserIsAbleToAddNewNews -->
</testsuite> <!-- Test -->
